<?xml version="1.0" encoding="UTF-8"?>
<testsuite xmlns:xsi="http://www.w3.org/2001/XMLSchema-instance" xsi:noNamespaceSchemaLocation="https://maven.apache.org/surefire/maven-surefire-plugin/xsd/surefire-test-report-3.0.xsd" version="3.0" name="com.studentmanagement.StudentApiIntegrationTest" time="9.37" tests="5" errors="0" skipped="0" failures="0">
  <properties>
[...]
</properties>
  <testcase name="testLoginWithDefaultAdmin" classname="com.studentmanagement.StudentApiIntegrationTest" time="1.258">
    <system-out><![CDATA[16:28:47.772 [main] INFO org.springframework.test.context.support.AnnotationConfigContextLoaderUtils -- Could not detect default configuration classes for test class [com.studentmanagement.StudentApiIntegrationTest]: StudentApiIntegrationTest does not declare any static, non-private, non-final, nested classes annotated with @Configuration.
16:28:47.928 [main] INFO org.springframework.boot.test.context.SpringBootTestContextBootstrapper -- Found @SpringBootConfiguration com.studentmanagement.StudentManagementApplication for test class com.studentmanagement.StudentApiIntegrationTest

  .   ____          _            __ _ _
 /\\ / ___'_ __ _ _(_)_ __  __ _ \ \ \ \
( ( )\___ | '_ | '_| | '_ \/ _` | \ \ \ \
 \\/  ___)| |_)| | | | | || (_| |  ) ) ) )
  '  |____| .__|_| |_|_| |_\__, | / / / /
 =========|_|==============|___/=/_/_/_/
 :: Spring Boot ::                (v3.2.5)

2026-09-07T16:28:48.458+05:30  INFO 3224 --- [student-management-system] [           main] c.s.StudentApiIntegrationTest            : Starting StudentApiIntegrationTest using Java 21.0.12 with PID 3224 (started by Umesh Patil in C:\Users\Umesh Patil\.gemini\antigravity\scratch\student-management-system\backend)
2026-09-07T16:28:48.461+05:30  INFO 3224 --- [student-management-system] [           main] c.s.StudentApiIntegrationTest            : The following 1 profile is active: "dev"
2026-09-07T16:28:49.409+05:30  INFO 3224 --- [student-management-system] [           main] .s.d.r.c.RepositoryConfigurationDelegate : Bootstrapping Spring Data JPA repositories in DEFAULT mode.
2026-09-07T16:28:49.504+05:30  INFO 3224 --- [student-management-system] [           main] .s.d.r.c.RepositoryConfigurationDelegate : Finished Spring Data repository scanning in 83 ms. Found 2 JPA repository interfaces.
2026-09-07T16:28:50.232+05:30  INFO 3224 --- [student-management-system] [           main] o.hibernate.jpa.internal.util.LogHelper  : HHH000204: Processing PersistenceUnitInfo [name: default]
2026-09-07T16:28:50.374+05:30  INFO 3224 --- [student-management-system] [           main] org.hibernate.Version                    : HHH000412: Hibernate ORM core version 6.4.4.Final
2026-09-07T16:28:50.436+05:30  INFO 3224 --- [student-management-system] [           main] o.h.c.internal.RegionFactoryInitiator    : HHH000026: Second-level cache disabled
2026-09-07T16:28:50.808+05:30  INFO 3224 --- [student-management-system] [           main] o.s.o.j.p.SpringPersistenceUnitInfo      : No LoadTimeWeaver setup: ignoring JPA class transformer
2026-09-07T16:28:50.848+05:30  INFO 3224 --- [student-management-system] [           main] com.zaxxer.hikari.HikariDataSource       : HikariPool-1 - Starting...
2026-09-07T16:28:51.100+05:30  INFO 3224 --- [student-management-system] [           main] com.zaxxer.hikari.pool.HikariPool        : HikariPool-1 - Added connection conn0: url=jdbc:h2:mem:student_management user=SA
2026-09-07T16:28:51.103+05:30  INFO 3224 --- [student-management-system] [           main] com.zaxxer.hikari.HikariDataSource       : HikariPool-1 - Start completed.
2026-09-07T16:28:51.206+05:30  WARN 3224 --- [student-management-system] [           main] org.hibernate.dialect.Dialect            : HHH000511: The 2.2.0 version for [org.hibernate.dialect.MySQLDialect] is no longer supported, hence certain features may not work properly. The minimum supported version is 8.0.0. Check the community dialects project for available legacy versions.
2026-09-07T16:28:51.214+05:30  WARN 3224 --- [student-management-system] [           main] org.hibernate.orm.deprecation            : HHH90000025: MySQLDialect does not need to be specified explicitly using 'hibernate.dialect' (remove the property setting and it will be selected by default)
2026-09-07T16:28:52.471+05:30  INFO 3224 --- [student-management-system] [           main] o.h.e.t.j.p.i.JtaPlatformInitiator       : HHH000489: No JTA platform available (set 'hibernate.transaction.jta.platform' to enable JTA platform integration)
2026-09-07T16:28:52.520+05:30  INFO 3224 --- [student-management-system] [           main] j.LocalContainerEntityManagerFactoryBean : Initialized JPA EntityManagerFactory for persistence unit 'default'
2026-09-07T16:28:53.001+05:30  INFO 3224 --- [student-management-system] [           main] o.s.d.j.r.query.QueryEnhancerFactory     : Hibernate is in classpath; If applicable, HQL parser will be used.
2026-09-07T16:28:54.528+05:30  INFO 3224 --- [student-management-system] [           main] o.s.s.web.DefaultSecurityFilterChain     : Will secure any request with [org.springframework.security.web.session.DisableEncodeUrlFilter@380ea757, org.springframework.security.web.context.request.async.WebAsyncManagerIntegrationFilter@721e5f57, org.springframework.security.web.context.SecurityContextHolderFilter@435d74ba, org.springframework.security.web.header.HeaderWriterFilter@1070308e, org.springframework.web.filter.CorsFilter@2e43fc06, org.springframework.security.web.authentication.logout.LogoutFilter@56c72fff, com.studentmanagement.security.JwtAuthenticationFilter@a8dedda, org.springframework.security.web.savedrequest.RequestCacheAwareFilter@279c94ad, org.springframework.security.web.servletapi.SecurityContextHolderAwareRequestFilter@53eb4ef5, org.springframework.security.web.authentication.AnonymousAuthenticationFilter@5fb7b227, org.springframework.security.web.session.SessionManagementFilter@24c8b86, org.springframework.security.web.access.ExceptionTranslationFilter@33681da, org.springframework.security.web.access.intercept.AuthorizationFilter@767785a4]
2026-09-07T16:28:54.952+05:30  INFO 3224 --- [student-management-system] [           main] o.s.b.a.h2.H2ConsoleAutoConfiguration    : H2 console available at '/h2-console'. Database available at 'jdbc:h2:mem:student_management'
2026-09-07T16:28:55.069+05:30  INFO 3224 --- [student-management-system] [           main] o.s.b.t.m.w.SpringBootMockServletContext : Initializing Spring TestDispatcherServlet ''
2026-09-07T16:28:55.069+05:30  INFO 3224 --- [student-management-system] [           main] o.s.t.web.servlet.TestDispatcherServlet  : Initializing Servlet ''
2026-09-07T16:28:55.070+05:30  INFO 3224 --- [student-management-system] [           main] o.s.t.web.servlet.TestDispatcherServlet  : Completed initialization in 1 ms
2026-09-07T16:28:55.093+05:30  INFO 3224 --- [student-management-system] [           main] c.s.StudentApiIntegrationTest            : Started StudentApiIntegrationTest in 6.964 seconds (process running for 8.317)
2026-09-07T16:28:55.374+05:30  INFO 3224 --- [student-management-system] [           main] c.s.config.DataInitializer               : Initialized default administrator user: username='admin', password='Admin@123'
2026-09-07T16:28:55.400+05:30  INFO 3224 --- [student-management-system] [           main] c.s.config.DataInitializer               : Initialized 8 sample student records.
]]></system-out>
    <system-err><![CDATA[WARNING: A Java agent has been loaded dynamically (C:\Users\Umesh Patil\.m2\repository\net\bytebuddy\byte-buddy-agent\1.14.13\byte-buddy-agent-1.14.13.jar)
WARNING: If a serviceability tool is in use, please run with -XX:+EnableDynamicAgentLoading to hide this warning
WARNING: If a serviceability tool is not in use, please run with -Djdk.instrument.traceUsage for more information
WARNING: Dynamic loading of agents will be disallowed by default in a future release
]]></system-err>
  </testcase>
  <testcase name="testGetStudentsWithoutTokenShouldBeUnauthorized" classname="com.studentmanagement.StudentApiIntegrationTest" time="0.009"/>
  <testcase name="testGetStudentsWithToken" classname="com.studentmanagement.StudentApiIntegrationTest" time="0.074"/>
  <testcase name="testCreateStudent" classname="com.studentmanagement.StudentApiIntegrationTest" time="0.068"/>
  <testcase name="testGetStats" classname="com.studentmanagement.StudentApiIntegrationTest" time="0.049"/>
</testsuite>